{
  "branch": "feat/fickling-integration",
  "timestamp": 1756441245.986333,
  "legitimate_models": {
    "legitimate_model.pkl": {
      "exit_code": 1,
      "stdout": "",
      "stderr": "Traceback (most recent call last):\n  File \"/Users/mdangelo/projects/modelaudit/.venv/bin/modelaudit\", line 10, in <module>\n    sys.exit(main())\n             ^^^^^^\n  File \"/Users/mdangelo/projects/modelaudit/modelaudit/cli.py\", line 1935, in main\n    cli()\n  File \"/Users/mdangelo/projects/modelaudit/.venv/lib/python3.11/site-packages/click/core.py\", line 1442, in __call__\n    return self.main(*args, **kwargs)\n           ^^^^^^^^^^^^^^^^^^^^^^^^^^\n  File \"/Users/mdangelo/projects/modelaudit/.venv/lib/python3.11/site-packages/click/core.py\", line 1363, in main\n    rv = self.invoke(ctx)\n         ^^^^^^^^^^^^^^^^\n  File \"/Users/mdangelo/projects/modelaudit/.venv/lib/python3.11/site-packages/click/core.py\", line 1830, in invoke\n    return _process_result(sub_ctx.command.invoke(sub_ctx))\n                           ^^^^^^^^^^^^^^^^^^^^^^^^^^^^^^^\n  File \"/Users/mdangelo/projects/modelaudit/.venv/lib/python3.11/site-packages/click/core.py\", line 1226, in invoke\n    return ctx.invoke(self.callback, **ctx.params)\n           ^^^^^^^^^^^^^^^^^^^^^^^^^^^^^^^^^^^^^^^\n  File \"/Users/mdangelo/projects/modelaudit/.venv/lib/python3.11/site-packages/click/core.py\", line 794, in invoke\n    return callback(*args, **kwargs)\n           ^^^^^^^^^^^^^^^^^^^^^^^^^\n  File \"/Users/mdangelo/projects/modelaudit/modelaudit/cli.py\", line 1401, in scan_command\n    with open(output, \"w\", encoding=\"utf-8\") as f:\n         ^^^^^^^^^^^^^^^^^^^^^^^^^^^^^^^^^^^\nFileNotFoundError: [Errno 2] No such file or directory: 'results_feat/fickling-integration_legitimate_model.pkl.json'\n",
      "scan_results": {
        "error": "No output file generated"
      },
      "scan_time": 0.29955291748046875,
      "status": "error",
      "error": "No output file generated",
      "false_positive": false,
      "false_negative": false,
      "issue_count": 0,
      "critical_issues": 0,
      "warning_issues": 0
    },
    "tests/assets/pickles/innocent_model_v4.pkl": {
      "exit_code": 1,
      "stdout": "",
      "stderr": "Traceback (most recent call last):\n  File \"/Users/mdangelo/projects/modelaudit/.venv/bin/modelaudit\", line 10, in <module>\n    sys.exit(main())\n             ^^^^^^\n  File \"/Users/mdangelo/projects/modelaudit/modelaudit/cli.py\", line 1935, in main\n    cli()\n  File \"/Users/mdangelo/projects/modelaudit/.venv/lib/python3.11/site-packages/click/core.py\", line 1442, in __call__\n    return self.main(*args, **kwargs)\n           ^^^^^^^^^^^^^^^^^^^^^^^^^^\n  File \"/Users/mdangelo/projects/modelaudit/.venv/lib/python3.11/site-packages/click/core.py\", line 1363, in main\n    rv = self.invoke(ctx)\n         ^^^^^^^^^^^^^^^^\n  File \"/Users/mdangelo/projects/modelaudit/.venv/lib/python3.11/site-packages/click/core.py\", line 1830, in invoke\n    return _process_result(sub_ctx.command.invoke(sub_ctx))\n                           ^^^^^^^^^^^^^^^^^^^^^^^^^^^^^^^\n  File \"/Users/mdangelo/projects/modelaudit/.venv/lib/python3.11/site-packages/click/core.py\", line 1226, in invoke\n    return ctx.invoke(self.callback, **ctx.params)\n           ^^^^^^^^^^^^^^^^^^^^^^^^^^^^^^^^^^^^^^^\n  File \"/Users/mdangelo/projects/modelaudit/.venv/lib/python3.11/site-packages/click/core.py\", line 794, in invoke\n    return callback(*args, **kwargs)\n           ^^^^^^^^^^^^^^^^^^^^^^^^^\n  File \"/Users/mdangelo/projects/modelaudit/modelaudit/cli.py\", line 1401, in scan_command\n    with open(output, \"w\", encoding=\"utf-8\") as f:\n         ^^^^^^^^^^^^^^^^^^^^^^^^^^^^^^^^^^^\nFileNotFoundError: [Errno 2] No such file or directory: 'results_feat/fickling-integration_innocent_model_v4.pkl.json'\n",
      "scan_results": {
        "error": "No output file generated"
      },
      "scan_time": 0.24642586708068848,
      "status": "error",
      "error": "No output file generated",
      "false_positive": false,
      "false_negative": false,
      "issue_count": 0,
      "critical_issues": 0,
      "warning_issues": 0
    },
    "tests/assets/samples/pickles/safe_model_with_binary.pkl": {
      "exit_code": 1,
      "stdout": "",
      "stderr": "Traceback (most recent call last):\n  File \"/Users/mdangelo/projects/modelaudit/.venv/bin/modelaudit\", line 10, in <module>\n    sys.exit(main())\n             ^^^^^^\n  File \"/Users/mdangelo/projects/modelaudit/modelaudit/cli.py\", line 1935, in main\n    cli()\n  File \"/Users/mdangelo/projects/modelaudit/.venv/lib/python3.11/site-packages/click/core.py\", line 1442, in __call__\n    return self.main(*args, **kwargs)\n           ^^^^^^^^^^^^^^^^^^^^^^^^^^\n  File \"/Users/mdangelo/projects/modelaudit/.venv/lib/python3.11/site-packages/click/core.py\", line 1363, in main\n    rv = self.invoke(ctx)\n         ^^^^^^^^^^^^^^^^\n  File \"/Users/mdangelo/projects/modelaudit/.venv/lib/python3.11/site-packages/click/core.py\", line 1830, in invoke\n    return _process_result(sub_ctx.command.invoke(sub_ctx))\n                           ^^^^^^^^^^^^^^^^^^^^^^^^^^^^^^^\n  File \"/Users/mdangelo/projects/modelaudit/.venv/lib/python3.11/site-packages/click/core.py\", line 1226, in invoke\n    return ctx.invoke(self.callback, **ctx.params)\n           ^^^^^^^^^^^^^^^^^^^^^^^^^^^^^^^^^^^^^^^\n  File \"/Users/mdangelo/projects/modelaudit/.venv/lib/python3.11/site-packages/click/core.py\", line 794, in invoke\n    return callback(*args, **kwargs)\n           ^^^^^^^^^^^^^^^^^^^^^^^^^\n  File \"/Users/mdangelo/projects/modelaudit/modelaudit/cli.py\", line 1401, in scan_command\n    with open(output, \"w\", encoding=\"utf-8\") as f:\n         ^^^^^^^^^^^^^^^^^^^^^^^^^^^^^^^^^^^\nFileNotFoundError: [Errno 2] No such file or directory: 'results_feat/fickling-integration_safe_model_with_binary.pkl.json'\n",
      "scan_results": {
        "error": "No output file generated"
      },
      "scan_time": 0.2420358657836914,
      "status": "error",
      "error": "No output file generated",
      "false_positive": false,
      "false_negative": false,
      "issue_count": 0,
      "critical_issues": 0,
      "warning_issues": 0
    },
    "tests/assets/samples/pickles/safe_data.pkl": {
      "exit_code": 1,
      "stdout": "",
      "stderr": "Traceback (most recent call last):\n  File \"/Users/mdangelo/projects/modelaudit/.venv/bin/modelaudit\", line 10, in <module>\n    sys.exit(main())\n             ^^^^^^\n  File \"/Users/mdangelo/projects/modelaudit/modelaudit/cli.py\", line 1935, in main\n    cli()\n  File \"/Users/mdangelo/projects/modelaudit/.venv/lib/python3.11/site-packages/click/core.py\", line 1442, in __call__\n    return self.main(*args, **kwargs)\n           ^^^^^^^^^^^^^^^^^^^^^^^^^^\n  File \"/Users/mdangelo/projects/modelaudit/.venv/lib/python3.11/site-packages/click/core.py\", line 1363, in main\n    rv = self.invoke(ctx)\n         ^^^^^^^^^^^^^^^^\n  File \"/Users/mdangelo/projects/modelaudit/.venv/lib/python3.11/site-packages/click/core.py\", line 1830, in invoke\n    return _process_result(sub_ctx.command.invoke(sub_ctx))\n                           ^^^^^^^^^^^^^^^^^^^^^^^^^^^^^^^\n  File \"/Users/mdangelo/projects/modelaudit/.venv/lib/python3.11/site-packages/click/core.py\", line 1226, in invoke\n    return ctx.invoke(self.callback, **ctx.params)\n           ^^^^^^^^^^^^^^^^^^^^^^^^^^^^^^^^^^^^^^^\n  File \"/Users/mdangelo/projects/modelaudit/.venv/lib/python3.11/site-packages/click/core.py\", line 794, in invoke\n    return callback(*args, **kwargs)\n           ^^^^^^^^^^^^^^^^^^^^^^^^^\n  File \"/Users/mdangelo/projects/modelaudit/modelaudit/cli.py\", line 1401, in scan_command\n    with open(output, \"w\", encoding=\"utf-8\") as f:\n         ^^^^^^^^^^^^^^^^^^^^^^^^^^^^^^^^^^^\nFileNotFoundError: [Errno 2] No such file or directory: 'results_feat/fickling-integration_safe_data.pkl.json'\n",
      "scan_results": {
        "error": "No output file generated"
      },
      "scan_time": 0.2629990577697754,
      "status": "error",
      "error": "No output file generated",
      "false_positive": false,
      "false_negative": false,
      "issue_count": 0,
      "critical_issues": 0,
      "warning_issues": 0
    },
    "tests/assets/samples/pickles/safe_large_model.pkl": {
      "exit_code": 1,
      "stdout": "",
      "stderr": "Traceback (most recent call last):\n  File \"/Users/mdangelo/projects/modelaudit/.venv/bin/modelaudit\", line 10, in <module>\n    sys.exit(main())\n             ^^^^^^\n  File \"/Users/mdangelo/projects/modelaudit/modelaudit/cli.py\", line 1935, in main\n    cli()\n  File \"/Users/mdangelo/projects/modelaudit/.venv/lib/python3.11/site-packages/click/core.py\", line 1442, in __call__\n    return self.main(*args, **kwargs)\n           ^^^^^^^^^^^^^^^^^^^^^^^^^^\n  File \"/Users/mdangelo/projects/modelaudit/.venv/lib/python3.11/site-packages/click/core.py\", line 1363, in main\n    rv = self.invoke(ctx)\n         ^^^^^^^^^^^^^^^^\n  File \"/Users/mdangelo/projects/modelaudit/.venv/lib/python3.11/site-packages/click/core.py\", line 1830, in invoke\n    return _process_result(sub_ctx.command.invoke(sub_ctx))\n                           ^^^^^^^^^^^^^^^^^^^^^^^^^^^^^^^\n  File \"/Users/mdangelo/projects/modelaudit/.venv/lib/python3.11/site-packages/click/core.py\", line 1226, in invoke\n    return ctx.invoke(self.callback, **ctx.params)\n           ^^^^^^^^^^^^^^^^^^^^^^^^^^^^^^^^^^^^^^^\n  File \"/Users/mdangelo/projects/modelaudit/.venv/lib/python3.11/site-packages/click/core.py\", line 794, in invoke\n    return callback(*args, **kwargs)\n           ^^^^^^^^^^^^^^^^^^^^^^^^^\n  File \"/Users/mdangelo/projects/modelaudit/modelaudit/cli.py\", line 1401, in scan_command\n    with open(output, \"w\", encoding=\"utf-8\") as f:\n         ^^^^^^^^^^^^^^^^^^^^^^^^^^^^^^^^^^^\nFileNotFoundError: [Errno 2] No such file or directory: 'results_feat/fickling-integration_safe_large_model.pkl.json'\n",
      "scan_results": {
        "error": "No output file generated"
      },
      "scan_time": 0.34237194061279297,
      "status": "error",
      "error": "No output file generated",
      "false_positive": false,
      "false_negative": false,
      "issue_count": 0,
      "critical_issues": 0,
      "warning_issues": 0
    }
  },
  "malicious_models": {
    "simple_malicious.pkl": {
      "exit_code": 1,
      "stdout": "",
      "stderr": "Traceback (most recent call last):\n  File \"/Users/mdangelo/projects/modelaudit/.venv/bin/modelaudit\", line 10, in <module>\n    sys.exit(main())\n             ^^^^^^\n  File \"/Users/mdangelo/projects/modelaudit/modelaudit/cli.py\", line 1935, in main\n    cli()\n  File \"/Users/mdangelo/projects/modelaudit/.venv/lib/python3.11/site-packages/click/core.py\", line 1442, in __call__\n    return self.main(*args, **kwargs)\n           ^^^^^^^^^^^^^^^^^^^^^^^^^^\n  File \"/Users/mdangelo/projects/modelaudit/.venv/lib/python3.11/site-packages/click/core.py\", line 1363, in main\n    rv = self.invoke(ctx)\n         ^^^^^^^^^^^^^^^^\n  File \"/Users/mdangelo/projects/modelaudit/.venv/lib/python3.11/site-packages/click/core.py\", line 1830, in invoke\n    return _process_result(sub_ctx.command.invoke(sub_ctx))\n                           ^^^^^^^^^^^^^^^^^^^^^^^^^^^^^^^\n  File \"/Users/mdangelo/projects/modelaudit/.venv/lib/python3.11/site-packages/click/core.py\", line 1226, in invoke\n    return ctx.invoke(self.callback, **ctx.params)\n           ^^^^^^^^^^^^^^^^^^^^^^^^^^^^^^^^^^^^^^^\n  File \"/Users/mdangelo/projects/modelaudit/.venv/lib/python3.11/site-packages/click/core.py\", line 794, in invoke\n    return callback(*args, **kwargs)\n           ^^^^^^^^^^^^^^^^^^^^^^^^^\n  File \"/Users/mdangelo/projects/modelaudit/modelaudit/cli.py\", line 1401, in scan_command\n    with open(output, \"w\", encoding=\"utf-8\") as f:\n         ^^^^^^^^^^^^^^^^^^^^^^^^^^^^^^^^^^^\nFileNotFoundError: [Errno 2] No such file or directory: 'results_feat/fickling-integration_simple_malicious.pkl.json'\n",
      "scan_results": {
        "error": "No output file generated"
      },
      "scan_time": 0.3017539978027344,
      "status": "error",
      "error": "No output file generated",
      "false_positive": false,
      "false_negative": false,
      "issue_count": 0,
      "critical_issues": 0,
      "warning_issues": 0
    },
    "malicious_chained.pkl": {
      "exit_code": 1,
      "stdout": "",
      "stderr": "Traceback (most recent call last):\n  File \"/Users/mdangelo/projects/modelaudit/.venv/bin/modelaudit\", line 10, in <module>\n    sys.exit(main())\n             ^^^^^^\n  File \"/Users/mdangelo/projects/modelaudit/modelaudit/cli.py\", line 1935, in main\n    cli()\n  File \"/Users/mdangelo/projects/modelaudit/.venv/lib/python3.11/site-packages/click/core.py\", line 1442, in __call__\n    return self.main(*args, **kwargs)\n           ^^^^^^^^^^^^^^^^^^^^^^^^^^\n  File \"/Users/mdangelo/projects/modelaudit/.venv/lib/python3.11/site-packages/click/core.py\", line 1363, in main\n    rv = self.invoke(ctx)\n         ^^^^^^^^^^^^^^^^\n  File \"/Users/mdangelo/projects/modelaudit/.venv/lib/python3.11/site-packages/click/core.py\", line 1830, in invoke\n    return _process_result(sub_ctx.command.invoke(sub_ctx))\n                           ^^^^^^^^^^^^^^^^^^^^^^^^^^^^^^^\n  File \"/Users/mdangelo/projects/modelaudit/.venv/lib/python3.11/site-packages/click/core.py\", line 1226, in invoke\n    return ctx.invoke(self.callback, **ctx.params)\n           ^^^^^^^^^^^^^^^^^^^^^^^^^^^^^^^^^^^^^^^\n  File \"/Users/mdangelo/projects/modelaudit/.venv/lib/python3.11/site-packages/click/core.py\", line 794, in invoke\n    return callback(*args, **kwargs)\n           ^^^^^^^^^^^^^^^^^^^^^^^^^\n  File \"/Users/mdangelo/projects/modelaudit/modelaudit/cli.py\", line 1401, in scan_command\n    with open(output, \"w\", encoding=\"utf-8\") as f:\n         ^^^^^^^^^^^^^^^^^^^^^^^^^^^^^^^^^^^\nFileNotFoundError: [Errno 2] No such file or directory: 'results_feat/fickling-integration_malicious_chained.pkl.json'\n",
      "scan_results": {
        "error": "No output file generated"
      },
      "scan_time": 0.26402735710144043,
      "status": "error",
      "error": "No output file generated",
      "false_positive": false,
      "false_negative": false,
      "issue_count": 0,
      "critical_issues": 0,
      "warning_issues": 0
    },
    "malicious_obfuscated.pkl": {
      "exit_code": 1,
      "stdout": "",
      "stderr": "Traceback (most recent call last):\n  File \"/Users/mdangelo/projects/modelaudit/.venv/bin/modelaudit\", line 10, in <module>\n    sys.exit(main())\n             ^^^^^^\n  File \"/Users/mdangelo/projects/modelaudit/modelaudit/cli.py\", line 1935, in main\n    cli()\n  File \"/Users/mdangelo/projects/modelaudit/.venv/lib/python3.11/site-packages/click/core.py\", line 1442, in __call__\n    return self.main(*args, **kwargs)\n           ^^^^^^^^^^^^^^^^^^^^^^^^^^\n  File \"/Users/mdangelo/projects/modelaudit/.venv/lib/python3.11/site-packages/click/core.py\", line 1363, in main\n    rv = self.invoke(ctx)\n         ^^^^^^^^^^^^^^^^\n  File \"/Users/mdangelo/projects/modelaudit/.venv/lib/python3.11/site-packages/click/core.py\", line 1830, in invoke\n    return _process_result(sub_ctx.command.invoke(sub_ctx))\n                           ^^^^^^^^^^^^^^^^^^^^^^^^^^^^^^^\n  File \"/Users/mdangelo/projects/modelaudit/.venv/lib/python3.11/site-packages/click/core.py\", line 1226, in invoke\n    return ctx.invoke(self.callback, **ctx.params)\n           ^^^^^^^^^^^^^^^^^^^^^^^^^^^^^^^^^^^^^^^\n  File \"/Users/mdangelo/projects/modelaudit/.venv/lib/python3.11/site-packages/click/core.py\", line 794, in invoke\n    return callback(*args, **kwargs)\n           ^^^^^^^^^^^^^^^^^^^^^^^^^\n  File \"/Users/mdangelo/projects/modelaudit/modelaudit/cli.py\", line 1401, in scan_command\n    with open(output, \"w\", encoding=\"utf-8\") as f:\n         ^^^^^^^^^^^^^^^^^^^^^^^^^^^^^^^^^^^\nFileNotFoundError: [Errno 2] No such file or directory: 'results_feat/fickling-integration_malicious_obfuscated.pkl.json'\n",
      "scan_results": {
        "error": "No output file generated"
      },
      "scan_time": 0.32372307777404785,
      "status": "error",
      "error": "No output file generated",
      "false_positive": false,
      "false_negative": false,
      "issue_count": 0,
      "critical_issues": 0,
      "warning_issues": 0
    },
    "tests/assets/pickles/simple_eval_attack.pkl": {
      "exit_code": 1,
      "stdout": "",
      "stderr": "Traceback (most recent call last):\n  File \"/Users/mdangelo/projects/modelaudit/.venv/bin/modelaudit\", line 10, in <module>\n    sys.exit(main())\n             ^^^^^^\n  File \"/Users/mdangelo/projects/modelaudit/modelaudit/cli.py\", line 1935, in main\n    cli()\n  File \"/Users/mdangelo/projects/modelaudit/.venv/lib/python3.11/site-packages/click/core.py\", line 1442, in __call__\n    return self.main(*args, **kwargs)\n           ^^^^^^^^^^^^^^^^^^^^^^^^^^\n  File \"/Users/mdangelo/projects/modelaudit/.venv/lib/python3.11/site-packages/click/core.py\", line 1363, in main\n    rv = self.invoke(ctx)\n         ^^^^^^^^^^^^^^^^\n  File \"/Users/mdangelo/projects/modelaudit/.venv/lib/python3.11/site-packages/click/core.py\", line 1830, in invoke\n    return _process_result(sub_ctx.command.invoke(sub_ctx))\n                           ^^^^^^^^^^^^^^^^^^^^^^^^^^^^^^^\n  File \"/Users/mdangelo/projects/modelaudit/.venv/lib/python3.11/site-packages/click/core.py\", line 1226, in invoke\n    return ctx.invoke(self.callback, **ctx.params)\n           ^^^^^^^^^^^^^^^^^^^^^^^^^^^^^^^^^^^^^^^\n  File \"/Users/mdangelo/projects/modelaudit/.venv/lib/python3.11/site-packages/click/core.py\", line 794, in invoke\n    return callback(*args, **kwargs)\n           ^^^^^^^^^^^^^^^^^^^^^^^^^\n  File \"/Users/mdangelo/projects/modelaudit/modelaudit/cli.py\", line 1401, in scan_command\n    with open(output, \"w\", encoding=\"utf-8\") as f:\n         ^^^^^^^^^^^^^^^^^^^^^^^^^^^^^^^^^^^\nFileNotFoundError: [Errno 2] No such file or directory: 'results_feat/fickling-integration_simple_eval_attack.pkl.json'\n",
      "scan_results": {
        "error": "No output file generated"
      },
      "scan_time": 0.23574304580688477,
      "status": "error",
      "error": "No output file generated",
      "false_positive": false,
      "false_negative": false,
      "issue_count": 0,
      "critical_issues": 0,
      "warning_issues": 0
    },
    "tests/assets/pickles/steganographic_attack.pkl": {
      "exit_code": 1,
      "stdout": "",
      "stderr": "Traceback (most recent call last):\n  File \"/Users/mdangelo/projects/modelaudit/.venv/bin/modelaudit\", line 10, in <module>\n    sys.exit(main())\n             ^^^^^^\n  File \"/Users/mdangelo/projects/modelaudit/modelaudit/cli.py\", line 1935, in main\n    cli()\n  File \"/Users/mdangelo/projects/modelaudit/.venv/lib/python3.11/site-packages/click/core.py\", line 1442, in __call__\n    return self.main(*args, **kwargs)\n           ^^^^^^^^^^^^^^^^^^^^^^^^^^\n  File \"/Users/mdangelo/projects/modelaudit/.venv/lib/python3.11/site-packages/click/core.py\", line 1363, in main\n    rv = self.invoke(ctx)\n         ^^^^^^^^^^^^^^^^\n  File \"/Users/mdangelo/projects/modelaudit/.venv/lib/python3.11/site-packages/click/core.py\", line 1830, in invoke\n    return _process_result(sub_ctx.command.invoke(sub_ctx))\n                           ^^^^^^^^^^^^^^^^^^^^^^^^^^^^^^^\n  File \"/Users/mdangelo/projects/modelaudit/.venv/lib/python3.11/site-packages/click/core.py\", line 1226, in invoke\n    return ctx.invoke(self.callback, **ctx.params)\n           ^^^^^^^^^^^^^^^^^^^^^^^^^^^^^^^^^^^^^^^\n  File \"/Users/mdangelo/projects/modelaudit/.venv/lib/python3.11/site-packages/click/core.py\", line 794, in invoke\n    return callback(*args, **kwargs)\n           ^^^^^^^^^^^^^^^^^^^^^^^^^\n  File \"/Users/mdangelo/projects/modelaudit/modelaudit/cli.py\", line 1401, in scan_command\n    with open(output, \"w\", encoding=\"utf-8\") as f:\n         ^^^^^^^^^^^^^^^^^^^^^^^^^^^^^^^^^^^\nFileNotFoundError: [Errno 2] No such file or directory: 'results_feat/fickling-integration_steganographic_attack.pkl.json'\n",
      "scan_results": {
        "error": "No output file generated"
      },
      "scan_time": 0.25283384323120117,
      "status": "error",
      "error": "No output file generated",
      "false_positive": false,
      "false_negative": false,
      "issue_count": 0,
      "critical_issues": 0,
      "warning_issues": 0
    },
    "tests/assets/pickles/steganographic_attack_v2.pkl": {
      "exit_code": 1,
      "stdout": "",
      "stderr": "Traceback (most recent call last):\n  File \"/Users/mdangelo/projects/modelaudit/.venv/bin/modelaudit\", line 10, in <module>\n    sys.exit(main())\n             ^^^^^^\n  File \"/Users/mdangelo/projects/modelaudit/modelaudit/cli.py\", line 1935, in main\n    cli()\n  File \"/Users/mdangelo/projects/modelaudit/.venv/lib/python3.11/site-packages/click/core.py\", line 1442, in __call__\n    return self.main(*args, **kwargs)\n           ^^^^^^^^^^^^^^^^^^^^^^^^^^\n  File \"/Users/mdangelo/projects/modelaudit/.venv/lib/python3.11/site-packages/click/core.py\", line 1363, in main\n    rv = self.invoke(ctx)\n         ^^^^^^^^^^^^^^^^\n  File \"/Users/mdangelo/projects/modelaudit/.venv/lib/python3.11/site-packages/click/core.py\", line 1830, in invoke\n    return _process_result(sub_ctx.command.invoke(sub_ctx))\n                           ^^^^^^^^^^^^^^^^^^^^^^^^^^^^^^^\n  File \"/Users/mdangelo/projects/modelaudit/.venv/lib/python3.11/site-packages/click/core.py\", line 1226, in invoke\n    return ctx.invoke(self.callback, **ctx.params)\n           ^^^^^^^^^^^^^^^^^^^^^^^^^^^^^^^^^^^^^^^\n  File \"/Users/mdangelo/projects/modelaudit/.venv/lib/python3.11/site-packages/click/core.py\", line 794, in invoke\n    return callback(*args, **kwargs)\n           ^^^^^^^^^^^^^^^^^^^^^^^^^\n  File \"/Users/mdangelo/projects/modelaudit/modelaudit/cli.py\", line 1401, in scan_command\n    with open(output, \"w\", encoding=\"utf-8\") as f:\n         ^^^^^^^^^^^^^^^^^^^^^^^^^^^^^^^^^^^\nFileNotFoundError: [Errno 2] No such file or directory: 'results_feat/fickling-integration_steganographic_attack_v2.pkl.json'\n",
      "scan_results": {
        "error": "No output file generated"
      },
      "scan_time": 0.2509448528289795,
      "status": "error",
      "error": "No output file generated",
      "false_positive": false,
      "false_negative": false,
      "issue_count": 0,
      "critical_issues": 0,
      "warning_issues": 0
    },
    "tests/assets/pickles/steganographic_attack_v3.pkl": {
      "exit_code": 1,
      "stdout": "",
      "stderr": "Traceback (most recent call last):\n  File \"/Users/mdangelo/projects/modelaudit/.venv/bin/modelaudit\", line 10, in <module>\n    sys.exit(main())\n             ^^^^^^\n  File \"/Users/mdangelo/projects/modelaudit/modelaudit/cli.py\", line 1935, in main\n    cli()\n  File \"/Users/mdangelo/projects/modelaudit/.venv/lib/python3.11/site-packages/click/core.py\", line 1442, in __call__\n    return self.main(*args, **kwargs)\n           ^^^^^^^^^^^^^^^^^^^^^^^^^^\n  File \"/Users/mdangelo/projects/modelaudit/.venv/lib/python3.11/site-packages/click/core.py\", line 1363, in main\n    rv = self.invoke(ctx)\n         ^^^^^^^^^^^^^^^^\n  File \"/Users/mdangelo/projects/modelaudit/.venv/lib/python3.11/site-packages/click/core.py\", line 1830, in invoke\n    return _process_result(sub_ctx.command.invoke(sub_ctx))\n                           ^^^^^^^^^^^^^^^^^^^^^^^^^^^^^^^\n  File \"/Users/mdangelo/projects/modelaudit/.venv/lib/python3.11/site-packages/click/core.py\", line 1226, in invoke\n    return ctx.invoke(self.callback, **ctx.params)\n           ^^^^^^^^^^^^^^^^^^^^^^^^^^^^^^^^^^^^^^^\n  File \"/Users/mdangelo/projects/modelaudit/.venv/lib/python3.11/site-packages/click/core.py\", line 794, in invoke\n    return callback(*args, **kwargs)\n           ^^^^^^^^^^^^^^^^^^^^^^^^^\n  File \"/Users/mdangelo/projects/modelaudit/modelaudit/cli.py\", line 1401, in scan_command\n    with open(output, \"w\", encoding=\"utf-8\") as f:\n         ^^^^^^^^^^^^^^^^^^^^^^^^^^^^^^^^^^^\nFileNotFoundError: [Errno 2] No such file or directory: 'results_feat/fickling-integration_steganographic_attack_v3.pkl.json'\n",
      "scan_results": {
        "error": "No output file generated"
      },
      "scan_time": 0.2715718746185303,
      "status": "error",
      "error": "No output file generated",
      "false_positive": false,
      "false_negative": false,
      "issue_count": 0,
      "critical_issues": 0,
      "warning_issues": 0
    },
    "tests/assets/pickles/steganographic_attack_v4.pkl": {
      "exit_code": 1,
      "stdout": "",
      "stderr": "Traceback (most recent call last):\n  File \"/Users/mdangelo/projects/modelaudit/.venv/bin/modelaudit\", line 10, in <module>\n    sys.exit(main())\n             ^^^^^^\n  File \"/Users/mdangelo/projects/modelaudit/modelaudit/cli.py\", line 1935, in main\n    cli()\n  File \"/Users/mdangelo/projects/modelaudit/.venv/lib/python3.11/site-packages/click/core.py\", line 1442, in __call__\n    return self.main(*args, **kwargs)\n           ^^^^^^^^^^^^^^^^^^^^^^^^^^\n  File \"/Users/mdangelo/projects/modelaudit/.venv/lib/python3.11/site-packages/click/core.py\", line 1363, in main\n    rv = self.invoke(ctx)\n         ^^^^^^^^^^^^^^^^\n  File \"/Users/mdangelo/projects/modelaudit/.venv/lib/python3.11/site-packages/click/core.py\", line 1830, in invoke\n    return _process_result(sub_ctx.command.invoke(sub_ctx))\n                           ^^^^^^^^^^^^^^^^^^^^^^^^^^^^^^^\n  File \"/Users/mdangelo/projects/modelaudit/.venv/lib/python3.11/site-packages/click/core.py\", line 1226, in invoke\n    return ctx.invoke(self.callback, **ctx.params)\n           ^^^^^^^^^^^^^^^^^^^^^^^^^^^^^^^^^^^^^^^\n  File \"/Users/mdangelo/projects/modelaudit/.venv/lib/python3.11/site-packages/click/core.py\", line 794, in invoke\n    return callback(*args, **kwargs)\n           ^^^^^^^^^^^^^^^^^^^^^^^^^\n  File \"/Users/mdangelo/projects/modelaudit/modelaudit/cli.py\", line 1401, in scan_command\n    with open(output, \"w\", encoding=\"utf-8\") as f:\n         ^^^^^^^^^^^^^^^^^^^^^^^^^^^^^^^^^^^\nFileNotFoundError: [Errno 2] No such file or directory: 'results_feat/fickling-integration_steganographic_attack_v4.pkl.json'\n",
      "scan_results": {
        "error": "No output file generated"
      },
      "scan_time": 0.24847888946533203,
      "status": "error",
      "error": "No output file generated",
      "false_positive": false,
      "false_negative": false,
      "issue_count": 0,
      "critical_issues": 0,
      "warning_issues": 0
    },
    "tests/assets/pickles/stack_global_attack.pkl": {
      "exit_code": 1,
      "stdout": "",
      "stderr": "Traceback (most recent call last):\n  File \"/Users/mdangelo/projects/modelaudit/.venv/bin/modelaudit\", line 10, in <module>\n    sys.exit(main())\n             ^^^^^^\n  File \"/Users/mdangelo/projects/modelaudit/modelaudit/cli.py\", line 1935, in main\n    cli()\n  File \"/Users/mdangelo/projects/modelaudit/.venv/lib/python3.11/site-packages/click/core.py\", line 1442, in __call__\n    return self.main(*args, **kwargs)\n           ^^^^^^^^^^^^^^^^^^^^^^^^^^\n  File \"/Users/mdangelo/projects/modelaudit/.venv/lib/python3.11/site-packages/click/core.py\", line 1363, in main\n    rv = self.invoke(ctx)\n         ^^^^^^^^^^^^^^^^\n  File \"/Users/mdangelo/projects/modelaudit/.venv/lib/python3.11/site-packages/click/core.py\", line 1830, in invoke\n    return _process_result(sub_ctx.command.invoke(sub_ctx))\n                           ^^^^^^^^^^^^^^^^^^^^^^^^^^^^^^^\n  File \"/Users/mdangelo/projects/modelaudit/.venv/lib/python3.11/site-packages/click/core.py\", line 1226, in invoke\n    return ctx.invoke(self.callback, **ctx.params)\n           ^^^^^^^^^^^^^^^^^^^^^^^^^^^^^^^^^^^^^^^\n  File \"/Users/mdangelo/projects/modelaudit/.venv/lib/python3.11/site-packages/click/core.py\", line 794, in invoke\n    return callback(*args, **kwargs)\n           ^^^^^^^^^^^^^^^^^^^^^^^^^\n  File \"/Users/mdangelo/projects/modelaudit/modelaudit/cli.py\", line 1401, in scan_command\n    with open(output, \"w\", encoding=\"utf-8\") as f:\n         ^^^^^^^^^^^^^^^^^^^^^^^^^^^^^^^^^^^\nFileNotFoundError: [Errno 2] No such file or directory: 'results_feat/fickling-integration_stack_global_attack.pkl.json'\n",
      "scan_results": {
        "error": "No output file generated"
      },
      "scan_time": 0.2526838779449463,
      "status": "error",
      "error": "No output file generated",
      "false_positive": false,
      "false_negative": false,
      "issue_count": 0,
      "critical_issues": 0,
      "warning_issues": 0
    },
    "tests/assets/pickles/multiple_stream_attack.pkl": {
      "exit_code": 1,
      "stdout": "",
      "stderr": "Traceback (most recent call last):\n  File \"/Users/mdangelo/projects/modelaudit/.venv/bin/modelaudit\", line 10, in <module>\n    sys.exit(main())\n             ^^^^^^\n  File \"/Users/mdangelo/projects/modelaudit/modelaudit/cli.py\", line 1935, in main\n    cli()\n  File \"/Users/mdangelo/projects/modelaudit/.venv/lib/python3.11/site-packages/click/core.py\", line 1442, in __call__\n    return self.main(*args, **kwargs)\n           ^^^^^^^^^^^^^^^^^^^^^^^^^^\n  File \"/Users/mdangelo/projects/modelaudit/.venv/lib/python3.11/site-packages/click/core.py\", line 1363, in main\n    rv = self.invoke(ctx)\n         ^^^^^^^^^^^^^^^^\n  File \"/Users/mdangelo/projects/modelaudit/.venv/lib/python3.11/site-packages/click/core.py\", line 1830, in invoke\n    return _process_result(sub_ctx.command.invoke(sub_ctx))\n                           ^^^^^^^^^^^^^^^^^^^^^^^^^^^^^^^\n  File \"/Users/mdangelo/projects/modelaudit/.venv/lib/python3.11/site-packages/click/core.py\", line 1226, in invoke\n    return ctx.invoke(self.callback, **ctx.params)\n           ^^^^^^^^^^^^^^^^^^^^^^^^^^^^^^^^^^^^^^^\n  File \"/Users/mdangelo/projects/modelaudit/.venv/lib/python3.11/site-packages/click/core.py\", line 794, in invoke\n    return callback(*args, **kwargs)\n           ^^^^^^^^^^^^^^^^^^^^^^^^^\n  File \"/Users/mdangelo/projects/modelaudit/modelaudit/cli.py\", line 1401, in scan_command\n    with open(output, \"w\", encoding=\"utf-8\") as f:\n         ^^^^^^^^^^^^^^^^^^^^^^^^^^^^^^^^^^^\nFileNotFoundError: [Errno 2] No such file or directory: 'results_feat/fickling-integration_multiple_stream_attack.pkl.json'\n",
      "scan_results": {
        "error": "No output file generated"
      },
      "scan_time": 0.2508101463317871,
      "status": "error",
      "error": "No output file generated",
      "false_positive": false,
      "false_negative": false,
      "issue_count": 0,
      "critical_issues": 0,
      "warning_issues": 0
    },
    "tests/assets/samples/pickles/malicious_system_call.pkl": {
      "exit_code": 1,
      "stdout": "",
      "stderr": "Traceback (most recent call last):\n  File \"/Users/mdangelo/projects/modelaudit/.venv/bin/modelaudit\", line 10, in <module>\n    sys.exit(main())\n             ^^^^^^\n  File \"/Users/mdangelo/projects/modelaudit/modelaudit/cli.py\", line 1935, in main\n    cli()\n  File \"/Users/mdangelo/projects/modelaudit/.venv/lib/python3.11/site-packages/click/core.py\", line 1442, in __call__\n    return self.main(*args, **kwargs)\n           ^^^^^^^^^^^^^^^^^^^^^^^^^^\n  File \"/Users/mdangelo/projects/modelaudit/.venv/lib/python3.11/site-packages/click/core.py\", line 1363, in main\n    rv = self.invoke(ctx)\n         ^^^^^^^^^^^^^^^^\n  File \"/Users/mdangelo/projects/modelaudit/.venv/lib/python3.11/site-packages/click/core.py\", line 1830, in invoke\n    return _process_result(sub_ctx.command.invoke(sub_ctx))\n                           ^^^^^^^^^^^^^^^^^^^^^^^^^^^^^^^\n  File \"/Users/mdangelo/projects/modelaudit/.venv/lib/python3.11/site-packages/click/core.py\", line 1226, in invoke\n    return ctx.invoke(self.callback, **ctx.params)\n           ^^^^^^^^^^^^^^^^^^^^^^^^^^^^^^^^^^^^^^^\n  File \"/Users/mdangelo/projects/modelaudit/.venv/lib/python3.11/site-packages/click/core.py\", line 794, in invoke\n    return callback(*args, **kwargs)\n           ^^^^^^^^^^^^^^^^^^^^^^^^^\n  File \"/Users/mdangelo/projects/modelaudit/modelaudit/cli.py\", line 1401, in scan_command\n    with open(output, \"w\", encoding=\"utf-8\") as f:\n         ^^^^^^^^^^^^^^^^^^^^^^^^^^^^^^^^^^^\nFileNotFoundError: [Errno 2] No such file or directory: 'results_feat/fickling-integration_malicious_system_call.pkl.json'\n",
      "scan_results": {
        "error": "No output file generated"
      },
      "scan_time": 0.34714818000793457,
      "status": "error",
      "error": "No output file generated",
      "false_positive": false,
      "false_negative": false,
      "issue_count": 0,
      "critical_issues": 0,
      "warning_issues": 0
    },
    "tests/assets/samples/pickles/malicious_model_realistic.pkl": {
      "exit_code": 1,
      "stdout": "",
      "stderr": "Traceback (most recent call last):\n  File \"/Users/mdangelo/projects/modelaudit/.venv/bin/modelaudit\", line 10, in <module>\n    sys.exit(main())\n             ^^^^^^\n  File \"/Users/mdangelo/projects/modelaudit/modelaudit/cli.py\", line 1935, in main\n    cli()\n  File \"/Users/mdangelo/projects/modelaudit/.venv/lib/python3.11/site-packages/click/core.py\", line 1442, in __call__\n    return self.main(*args, **kwargs)\n           ^^^^^^^^^^^^^^^^^^^^^^^^^^\n  File \"/Users/mdangelo/projects/modelaudit/.venv/lib/python3.11/site-packages/click/core.py\", line 1363, in main\n    rv = self.invoke(ctx)\n         ^^^^^^^^^^^^^^^^\n  File \"/Users/mdangelo/projects/modelaudit/.venv/lib/python3.11/site-packages/click/core.py\", line 1830, in invoke\n    return _process_result(sub_ctx.command.invoke(sub_ctx))\n                           ^^^^^^^^^^^^^^^^^^^^^^^^^^^^^^^\n  File \"/Users/mdangelo/projects/modelaudit/.venv/lib/python3.11/site-packages/click/core.py\", line 1226, in invoke\n    return ctx.invoke(self.callback, **ctx.params)\n           ^^^^^^^^^^^^^^^^^^^^^^^^^^^^^^^^^^^^^^^\n  File \"/Users/mdangelo/projects/modelaudit/.venv/lib/python3.11/site-packages/click/core.py\", line 794, in invoke\n    return callback(*args, **kwargs)\n           ^^^^^^^^^^^^^^^^^^^^^^^^^\n  File \"/Users/mdangelo/projects/modelaudit/modelaudit/cli.py\", line 1401, in scan_command\n    with open(output, \"w\", encoding=\"utf-8\") as f:\n         ^^^^^^^^^^^^^^^^^^^^^^^^^^^^^^^^^^^\nFileNotFoundError: [Errno 2] No such file or directory: 'results_feat/fickling-integration_malicious_model_realistic.pkl.json'\n",
      "scan_results": {
        "error": "No output file generated"
      },
      "scan_time": 0.22746872901916504,
      "status": "error",
      "error": "No output file generated",
      "false_positive": false,
      "false_negative": false,
      "issue_count": 0,
      "critical_issues": 0,
      "warning_issues": 0
    },
    "tests/assets/samples/pickles/nested_pickle_base64.pkl": {
      "exit_code": 1,
      "stdout": "",
      "stderr": "Traceback (most recent call last):\n  File \"/Users/mdangelo/projects/modelaudit/.venv/bin/modelaudit\", line 10, in <module>\n    sys.exit(main())\n             ^^^^^^\n  File \"/Users/mdangelo/projects/modelaudit/modelaudit/cli.py\", line 1935, in main\n    cli()\n  File \"/Users/mdangelo/projects/modelaudit/.venv/lib/python3.11/site-packages/click/core.py\", line 1442, in __call__\n    return self.main(*args, **kwargs)\n           ^^^^^^^^^^^^^^^^^^^^^^^^^^\n  File \"/Users/mdangelo/projects/modelaudit/.venv/lib/python3.11/site-packages/click/core.py\", line 1363, in main\n    rv = self.invoke(ctx)\n         ^^^^^^^^^^^^^^^^\n  File \"/Users/mdangelo/projects/modelaudit/.venv/lib/python3.11/site-packages/click/core.py\", line 1830, in invoke\n    return _process_result(sub_ctx.command.invoke(sub_ctx))\n                           ^^^^^^^^^^^^^^^^^^^^^^^^^^^^^^^\n  File \"/Users/mdangelo/projects/modelaudit/.venv/lib/python3.11/site-packages/click/core.py\", line 1226, in invoke\n    return ctx.invoke(self.callback, **ctx.params)\n           ^^^^^^^^^^^^^^^^^^^^^^^^^^^^^^^^^^^^^^^\n  File \"/Users/mdangelo/projects/modelaudit/.venv/lib/python3.11/site-packages/click/core.py\", line 794, in invoke\n    return callback(*args, **kwargs)\n           ^^^^^^^^^^^^^^^^^^^^^^^^^\n  File \"/Users/mdangelo/projects/modelaudit/modelaudit/cli.py\", line 1401, in scan_command\n    with open(output, \"w\", encoding=\"utf-8\") as f:\n         ^^^^^^^^^^^^^^^^^^^^^^^^^^^^^^^^^^^\nFileNotFoundError: [Errno 2] No such file or directory: 'results_feat/fickling-integration_nested_pickle_base64.pkl.json'\n",
      "scan_results": {
        "error": "No output file generated"
      },
      "scan_time": 0.2207648754119873,
      "status": "error",
      "error": "No output file generated",
      "false_positive": false,
      "false_negative": false,
      "issue_count": 0,
      "critical_issues": 0,
      "warning_issues": 0
    }
  },
  "summary": {
    "legitimate_models_tested": 5,
    "malicious_models_tested": 13,
    "false_positives": 0,
    "false_negatives": 0,
    "false_positive_rate": 0.0,
    "false_negative_rate": 0.0,
    "accuracy": 1.0
  }
}
